{"/home/user/project/assets/material-stock-dashboard-cap/server.js": {"path":"/home/user/project/assets/material-stock-dashboard-cap/server.js","statementMap":{"0":{"start":{"line":3,"column":12},"end":{"line":3,"column":31}},"1":{"start":{"line":4,"column":13},"end":{"line":4,"column":28}},"2":{"start":{"line":5,"column":16},"end":{"line":5,"column":34}},"3":{"start":{"line":10,"column":0},"end":{"line":22,"column":2}},"4":{"start":{"line":11,"column":19},"end":{"line":11,"column":66}},"5":{"start":{"line":13,"column":2},"end":{"line":13,"column":73}},"6":{"start":{"line":15,"column":2},"end":{"line":17,"column":4}},"7":{"start":{"line":16,"column":4},"end":{"line":16,"column":51}},"8":{"start":{"line":19,"column":2},"end":{"line":21,"column":4}},"9":{"start":{"line":20,"column":4},"end":{"line":20,"column":30}},"10":{"start":{"line":24,"column":0},"end":{"line":24,"column":27}}},"fnMap":{"0":{"name":"(anonymous_0)","decl":{"start":{"line":10,"column":20},"end":{"line":10,"column":21}},"loc":{"start":{"line":10,"column":29},"end":{"line":22,"column":1}},"line":10},"1":{"name":"(anonymous_1)","decl":{"start":{"line":15,"column":30},"end":{"line":15,"column":31}},"loc":{"start":{"line":15,"column":45},"end":{"line":17,"column":3}},"line":15},"2":{"name":"(anonymous_2)","decl":{"start":{"line":19,"column":15},"end":{"line":19,"column":16}},"loc":{"start":{"line":19,"column":30},"end":{"line":21,"column":3}},"line":19}},"branchMap":{},"s":{"0":1,"1":1,"2":1,"3":1,"4":1,"5":1,"6":1,"7":0,"8":1,"9":0,"10":1},"f":{"0":1,"1":0,"2":0},"b":{},"_coverageSchema":"1a1c01bbd47fc00a2c39e90264f33305004495a9","hash":"3d5c9be2fc217d8d9b314d334830050226a9312c"}
,"/home/user/project/assets/material-stock-dashboard-cap/srv/stock-service.js": {"path":"/home/user/project/assets/material-stock-dashboard-cap/srv/stock-service.js","statementMap":{"0":{"start":{"line":3,"column":12},"end":{"line":3,"column":31}},"1":{"start":{"line":4,"column":26},"end":{"line":4,"column":69}},"2":{"start":{"line":7,"column":18},"end":{"line":7,"column":74}},"3":{"start":{"line":13,"column":20},"end":{"line":13,"column":24}},"4":{"start":{"line":16,"column":2},"end":{"line":24,"column":3}},"5":{"start":{"line":17,"column":17},"end":{"line":17,"column":98}},"6":{"start":{"line":18,"column":4},"end":{"line":21,"column":5}},"7":{"start":{"line":19,"column":6},"end":{"line":19,"column":53}},"8":{"start":{"line":20,"column":6},"end":{"line":20,"column":83}},"9":{"start":{"line":23,"column":4},"end":{"line":23,"column":101}},"10":{"start":{"line":25,"column":2},"end":{"line":25,"column":49}},"11":{"start":{"line":25,"column":30},"end":{"line":25,"column":49}},"12":{"start":{"line":26,"column":2},"end":{"line":26,"column":23}},"13":{"start":{"line":30,"column":2},"end":{"line":40,"column":3}},"14":{"start":{"line":31,"column":17},"end":{"line":31,"column":98}},"15":{"start":{"line":32,"column":4},"end":{"line":36,"column":5}},"16":{"start":{"line":33,"column":6},"end":{"line":33,"column":112}},"17":{"start":{"line":35,"column":6},"end":{"line":35,"column":111}},"18":{"start":{"line":39,"column":4},"end":{"line":39,"column":83}},"19":{"start":{"line":43,"column":0},"end":{"line":169,"column":2}},"20":{"start":{"line":46,"column":56},"end":{"line":46,"column":69}},"21":{"start":{"line":47,"column":15},"end":{"line":47,"column":41}},"22":{"start":{"line":50,"column":4},"end":{"line":50,"column":28}},"23":{"start":{"line":53,"column":4},"end":{"line":116,"column":7}},"24":{"start":{"line":55,"column":29},"end":{"line":55,"column":72}},"25":{"start":{"line":60,"column":6},"end":{"line":99,"column":7}},"26":{"start":{"line":61,"column":19},"end":{"line":61,"column":65}},"27":{"start":{"line":62,"column":43},"end":{"line":62,"column":54}},"28":{"start":{"line":63,"column":8},"end":{"line":68,"column":10}},"29":{"start":{"line":70,"column":8},"end":{"line":80,"column":12}},"30":{"start":{"line":70,"column":38},"end":{"line":80,"column":9}},"31":{"start":{"line":85,"column":8},"end":{"line":88,"column":10}},"32":{"start":{"line":89,"column":8},"end":{"line":98,"column":12}},"33":{"start":{"line":89,"column":43},"end":{"line":98,"column":9}},"34":{"start":{"line":102,"column":25},"end":{"line":102,"column":77}},"35":{"start":{"line":102,"column":46},"end":{"line":102,"column":76}},"36":{"start":{"line":105,"column":19},"end":{"line":105,"column":29}},"37":{"start":{"line":106,"column":21},"end":{"line":106,"column":44}},"38":{"start":{"line":107,"column":6},"end":{"line":109,"column":7}},"39":{"start":{"line":108,"column":8},"end":{"line":108,"column":49}},"40":{"start":{"line":112,"column":6},"end":{"line":112,"column":113}},"41":{"start":{"line":113,"column":6},"end":{"line":113,"column":229}},"42":{"start":{"line":113,"column":85},"end":{"line":113,"column":115}},"43":{"start":{"line":113,"column":158},"end":{"line":113,"column":197}},"44":{"start":{"line":115,"column":6},"end":{"line":115,"column":20}},"45":{"start":{"line":119,"column":4},"end":{"line":132,"column":7}},"46":{"start":{"line":120,"column":33},"end":{"line":120,"column":41}},"47":{"start":{"line":121,"column":18},"end":{"line":121,"column":40}},"48":{"start":{"line":122,"column":6},"end":{"line":125,"column":7}},"49":{"start":{"line":123,"column":8},"end":{"line":123,"column":77}},"50":{"start":{"line":124,"column":8},"end":{"line":124,"column":15}},"51":{"start":{"line":127,"column":6},"end":{"line":127,"column":26}},"52":{"start":{"line":129,"column":6},"end":{"line":129,"column":45}},"53":{"start":{"line":130,"column":6},"end":{"line":130,"column":62}},"54":{"start":{"line":131,"column":6},"end":{"line":131,"column":17}},"55":{"start":{"line":135,"column":4},"end":{"line":159,"column":7}},"56":{"start":{"line":136,"column":37},"end":{"line":136,"column":45}},"57":{"start":{"line":139,"column":6},"end":{"line":142,"column":7}},"58":{"start":{"line":140,"column":8},"end":{"line":140,"column":53}},"59":{"start":{"line":141,"column":8},"end":{"line":141,"column":15}},"60":{"start":{"line":143,"column":6},"end":{"line":146,"column":7}},"61":{"start":{"line":144,"column":8},"end":{"line":144,"column":85}},"62":{"start":{"line":145,"column":8},"end":{"line":145,"column":15}},"63":{"start":{"line":148,"column":23},"end":{"line":148,"column":58}},"64":{"start":{"line":150,"column":6},"end":{"line":158,"column":7}},"65":{"start":{"line":152,"column":25},"end":{"line":152,"column":59}},"66":{"start":{"line":153,"column":8},"end":{"line":153,"column":24}},"67":{"start":{"line":156,"column":8},"end":{"line":156,"column":100}},"68":{"start":{"line":157,"column":8},"end":{"line":157,"column":81}},"69":{"start":{"line":161,"column":4},"end":{"line":161,"column":23}},"70":{"start":{"line":166,"column":27},"end":{"line":166,"column":70}},"71":{"start":{"line":167,"column":4},"end":{"line":167,"column":69}},"72":{"start":{"line":167,"column":37},"end":{"line":167,"column":67}},"73":{"start":{"line":176,"column":19},"end":{"line":176,"column":89}},"74":{"start":{"line":177,"column":19},"end":{"line":177,"column":65}},"75":{"start":{"line":178,"column":19},"end":{"line":178,"column":132}},"76":{"start":{"line":180,"column":2},"end":{"line":185,"column":3}},"77":{"start":{"line":181,"column":36},"end":{"line":181,"column":51}},"78":{"start":{"line":182,"column":36},"end":{"line":182,"column":50}},"79":{"start":{"line":183,"column":36},"end":{"line":183,"column":70}},"80":{"start":{"line":184,"column":36},"end":{"line":184,"column":73}},"81":{"start":{"line":194,"column":23},"end":{"line":194,"column":55}},"82":{"start":{"line":195,"column":23},"end":{"line":195,"column":55}},"83":{"start":{"line":196,"column":23},"end":{"line":196,"column":55}},"84":{"start":{"line":198,"column":29},"end":{"line":198,"column":47}},"85":{"start":{"line":199,"column":29},"end":{"line":199,"column":63}},"86":{"start":{"line":200,"column":30},"end":{"line":200,"column":72}},"87":{"start":{"line":202,"column":20},"end":{"line":202,"column":32}},"88":{"start":{"line":203,"column":20},"end":{"line":203,"column":24}},"89":{"start":{"line":205,"column":2},"end":{"line":214,"column":3}},"90":{"start":{"line":206,"column":4},"end":{"line":206,"column":40}},"91":{"start":{"line":207,"column":4},"end":{"line":207,"column":25}},"92":{"start":{"line":208,"column":9},"end":{"line":214,"column":3}},"93":{"start":{"line":209,"column":4},"end":{"line":209,"column":40}},"94":{"start":{"line":210,"column":4},"end":{"line":210,"column":41}},"95":{"start":{"line":211,"column":9},"end":{"line":214,"column":3}},"96":{"start":{"line":212,"column":4},"end":{"line":212,"column":40}},"97":{"start":{"line":213,"column":4},"end":{"line":213,"column":44}},"98":{"start":{"line":216,"column":26},"end":{"line":218,"column":10}},"99":{"start":{"line":220,"column":2},"end":{"line":220,"column":63}},"100":{"start":{"line":229,"column":2},"end":{"line":279,"column":3}},"101":{"start":{"line":230,"column":17},"end":{"line":230,"column":62}},"102":{"start":{"line":231,"column":25},"end":{"line":231,"column":46}},"103":{"start":{"line":232,"column":4},"end":{"line":235,"column":5}},"104":{"start":{"line":233,"column":6},"end":{"line":233,"column":92}},"105":{"start":{"line":234,"column":6},"end":{"line":234,"column":18}},"106":{"start":{"line":236,"column":44},"end":{"line":236,"column":68}},"107":{"start":{"line":237,"column":21},"end":{"line":237,"column":41}},"108":{"start":{"line":238,"column":22},"end":{"line":238,"column":39}},"109":{"start":{"line":239,"column":17},"end":{"line":239,"column":140}},"110":{"start":{"line":241,"column":4},"end":{"line":275,"column":7}},"111":{"start":{"line":242,"column":24},"end":{"line":242,"column":40}},"112":{"start":{"line":243,"column":19},"end":{"line":253,"column":7}},"113":{"start":{"line":254,"column":18},"end":{"line":270,"column":8}},"114":{"start":{"line":255,"column":18},"end":{"line":255,"column":20}},"115":{"start":{"line":256,"column":8},"end":{"line":256,"column":51}},"116":{"start":{"line":256,"column":34},"end":{"line":256,"column":47}},"117":{"start":{"line":257,"column":8},"end":{"line":269,"column":11}},"118":{"start":{"line":258,"column":10},"end":{"line":268,"column":11}},"119":{"start":{"line":259,"column":27},"end":{"line":259,"column":42}},"120":{"start":{"line":260,"column":12},"end":{"line":265,"column":13}},"121":{"start":{"line":261,"column":14},"end":{"line":261,"column":43}},"122":{"start":{"line":263,"column":14},"end":{"line":263,"column":109}},"123":{"start":{"line":264,"column":14},"end":{"line":264,"column":28}},"124":{"start":{"line":267,"column":12},"end":{"line":267,"column":84}},"125":{"start":{"line":271,"column":6},"end":{"line":271,"column":32}},"126":{"start":{"line":272,"column":6},"end":{"line":272,"column":102}},"127":{"start":{"line":272,"column":32},"end":{"line":272,"column":46}},"128":{"start":{"line":272,"column":47},"end":{"line":272,"column":98}},"129":{"start":{"line":273,"column":6},"end":{"line":273,"column":22}},"130":{"start":{"line":274,"column":6},"end":{"line":274,"column":16}},"131":{"start":{"line":277,"column":4},"end":{"line":277,"column":71}},"132":{"start":{"line":278,"column":4},"end":{"line":278,"column":16}},"133":{"start":{"line":289,"column":19},"end":{"line":289,"column":39}},"134":{"start":{"line":290,"column":19},"end":{"line":302,"column":3}},"135":{"start":{"line":305,"column":16},"end":{"line":305,"column":39}},"136":{"start":{"line":307,"column":2},"end":{"line":361,"column":5}},"137":{"start":{"line":308,"column":22},"end":{"line":308,"column":46}},"138":{"start":{"line":309,"column":22},"end":{"line":309,"column":53}},"139":{"start":{"line":310,"column":22},"end":{"line":310,"column":66}},"140":{"start":{"line":311,"column":24},"end":{"line":311,"column":44}},"141":{"start":{"line":312,"column":17},"end":{"line":312,"column":40}},"142":{"start":{"line":313,"column":20},"end":{"line":316,"column":5}},"143":{"start":{"line":317,"column":4},"end":{"line":319,"column":5}},"144":{"start":{"line":318,"column":6},"end":{"line":318,"column":51}},"145":{"start":{"line":320,"column":17},"end":{"line":327,"column":5}},"146":{"start":{"line":328,"column":16},"end":{"line":356,"column":6}},"147":{"start":{"line":329,"column":16},"end":{"line":329,"column":18}},"148":{"start":{"line":330,"column":6},"end":{"line":330,"column":49}},"149":{"start":{"line":330,"column":32},"end":{"line":330,"column":45}},"150":{"start":{"line":331,"column":6},"end":{"line":355,"column":9}},"151":{"start":{"line":332,"column":8},"end":{"line":335,"column":9}},"152":{"start":{"line":333,"column":10},"end":{"line":333,"column":91}},"153":{"start":{"line":334,"column":10},"end":{"line":334,"column":17}},"154":{"start":{"line":336,"column":8},"end":{"line":354,"column":9}},"155":{"start":{"line":337,"column":25},"end":{"line":337,"column":40}},"156":{"start":{"line":340,"column":25},"end":{"line":340,"column":39}},"157":{"start":{"line":342,"column":12},"end":{"line":345,"column":14}},"158":{"start":{"line":344,"column":44},"end":{"line":344,"column":57}},"159":{"start":{"line":346,"column":23},"end":{"line":349,"column":52}},"160":{"start":{"line":347,"column":25},"end":{"line":347,"column":63}},"161":{"start":{"line":348,"column":22},"end":{"line":348,"column":28}},"162":{"start":{"line":350,"column":10},"end":{"line":350,"column":80}},"163":{"start":{"line":351,"column":10},"end":{"line":351,"column":24}},"164":{"start":{"line":353,"column":10},"end":{"line":353,"column":76}},"165":{"start":{"line":357,"column":4},"end":{"line":357,"column":30}},"166":{"start":{"line":358,"column":4},"end":{"line":358,"column":94}},"167":{"start":{"line":358,"column":30},"end":{"line":358,"column":44}},"168":{"start":{"line":358,"column":45},"end":{"line":358,"column":90}},"169":{"start":{"line":359,"column":4},"end":{"line":359,"column":20}},"170":{"start":{"line":360,"column":4},"end":{"line":360,"column":14}},"171":{"start":{"line":369,"column":19},"end":{"line":369,"column":48}},"172":{"start":{"line":370,"column":19},"end":{"line":370,"column":81}},"173":{"start":{"line":370,"column":41},"end":{"line":370,"column":80}},"174":{"start":{"line":371,"column":19},"end":{"line":371,"column":62}},"175":{"start":{"line":371,"column":38},"end":{"line":371,"column":61}},"176":{"start":{"line":372,"column":21},"end":{"line":372,"column":74}},"177":{"start":{"line":372,"column":43},"end":{"line":372,"column":73}},"178":{"start":{"line":377,"column":25},"end":{"line":379,"column":4}},"179":{"start":{"line":378,"column":67},"end":{"line":378,"column":83}},"180":{"start":{"line":381,"column":2},"end":{"line":423,"column":3}},"181":{"start":{"line":382,"column":20},"end":{"line":382,"column":22}},"182":{"start":{"line":383,"column":21},"end":{"line":383,"column":23}},"183":{"start":{"line":385,"column":4},"end":{"line":412,"column":5}},"184":{"start":{"line":386,"column":20},"end":{"line":386,"column":63}},"185":{"start":{"line":386,"column":42},"end":{"line":386,"column":62}},"186":{"start":{"line":387,"column":6},"end":{"line":389,"column":7}},"187":{"start":{"line":388,"column":8},"end":{"line":388,"column":70}},"188":{"start":{"line":388,"column":40},"end":{"line":388,"column":68}},"189":{"start":{"line":390,"column":6},"end":{"line":411,"column":7}},"190":{"start":{"line":391,"column":8},"end":{"line":391,"column":29}},"191":{"start":{"line":392,"column":13},"end":{"line":411,"column":7}},"192":{"start":{"line":393,"column":18},"end":{"line":393,"column":28}},"193":{"start":{"line":394,"column":21},"end":{"line":394,"column":64}},"194":{"start":{"line":395,"column":25},"end":{"line":397,"column":14}},"195":{"start":{"line":398,"column":8},"end":{"line":404,"column":10}},"196":{"start":{"line":406,"column":22},"end":{"line":409,"column":9}},"197":{"start":{"line":407,"column":10},"end":{"line":408,"column":97}},"198":{"start":{"line":410,"column":8},"end":{"line":410,"column":101}},"199":{"start":{"line":414,"column":4},"end":{"line":416,"column":5}},"200":{"start":{"line":415,"column":6},"end":{"line":415,"column":75}},"201":{"start":{"line":419,"column":4},"end":{"line":421,"column":5}},"202":{"start":{"line":420,"column":6},"end":{"line":420,"column":41}},"203":{"start":{"line":426,"column":2},"end":{"line":436,"column":3}},"204":{"start":{"line":427,"column":4},"end":{"line":435,"column":6}},"205":{"start":{"line":433,"column":56},"end":{"line":433,"column":95}},"206":{"start":{"line":434,"column":57},"end":{"line":434,"column":99}},"207":{"start":{"line":439,"column":2},"end":{"line":447,"column":3}},"208":{"start":{"line":440,"column":4},"end":{"line":440,"column":98}},"209":{"start":{"line":440,"column":44},"end":{"line":440,"column":98}},"210":{"start":{"line":441,"column":16},"end":{"line":441,"column":65}},"211":{"start":{"line":442,"column":18},"end":{"line":445,"column":5}},"212":{"start":{"line":443,"column":6},"end":{"line":444,"column":82}},"213":{"start":{"line":446,"column":4},"end":{"line":446,"column":75}},"214":{"start":{"line":450,"column":2},"end":{"line":460,"column":3}},"215":{"start":{"line":451,"column":4},"end":{"line":451,"column":79}},"216":{"start":{"line":451,"column":24},"end":{"line":451,"column":79}},"217":{"start":{"line":452,"column":18},"end":{"line":455,"column":5}},"218":{"start":{"line":453,"column":6},"end":{"line":454,"column":81}},"219":{"start":{"line":456,"column":4},"end":{"line":459,"column":6}},"220":{"start":{"line":463,"column":21},"end":{"line":463,"column":46}},"221":{"start":{"line":464,"column":2},"end":{"line":475,"column":3}},"222":{"start":{"line":465,"column":18},"end":{"line":465,"column":45}},"223":{"start":{"line":466,"column":23},"end":{"line":466,"column":63}},"224":{"start":{"line":466,"column":45},"end":{"line":466,"column":62}},"225":{"start":{"line":467,"column":4},"end":{"line":467,"column":76}},"226":{"start":{"line":467,"column":28},"end":{"line":467,"column":76}},"227":{"start":{"line":468,"column":22},"end":{"line":468,"column":85}},"228":{"start":{"line":468,"column":45},"end":{"line":468,"column":84}},"229":{"start":{"line":469,"column":4},"end":{"line":469,"column":114}},"230":{"start":{"line":469,"column":27},"end":{"line":469,"column":114}},"231":{"start":{"line":470,"column":18},"end":{"line":473,"column":5}},"232":{"start":{"line":471,"column":6},"end":{"line":472,"column":93}},"233":{"start":{"line":474,"column":4},"end":{"line":474,"column":127}},"234":{"start":{"line":478,"column":18},"end":{"line":478,"column":79}},"235":{"start":{"line":479,"column":2},"end":{"line":488,"column":3}},"236":{"start":{"line":480,"column":17},"end":{"line":480,"column":41}},"237":{"start":{"line":481,"column":22},"end":{"line":481,"column":71}},"238":{"start":{"line":481,"column":44},"end":{"line":481,"column":70}},"239":{"start":{"line":482,"column":4},"end":{"line":482,"column":85}},"240":{"start":{"line":482,"column":27},"end":{"line":482,"column":85}},"241":{"start":{"line":483,"column":18},"end":{"line":486,"column":5}},"242":{"start":{"line":484,"column":6},"end":{"line":485,"column":93}},"243":{"start":{"line":487,"column":4},"end":{"line":487,"column":100}},"244":{"start":{"line":491,"column":2},"end":{"line":493,"column":3}},"245":{"start":{"line":492,"column":4},"end":{"line":492,"column":92}},"246":{"start":{"line":494,"column":19},"end":{"line":496,"column":3}},"247":{"start":{"line":495,"column":4},"end":{"line":495,"column":93}},"248":{"start":{"line":497,"column":2},"end":{"line":503,"column":4}},"249":{"start":{"line":512,"column":2},"end":{"line":512,"column":63}},"250":{"start":{"line":512,"column":51},"end":{"line":512,"column":63}},"251":{"start":{"line":513,"column":2},"end":{"line":540,"column":3}},"252":{"start":{"line":515,"column":4},"end":{"line":529,"column":5}},"253":{"start":{"line":515,"column":25},"end":{"line":515,"column":37}},"254":{"start":{"line":517,"column":25},"end":{"line":517,"column":27}},"255":{"start":{"line":518,"column":20},"end":{"line":518,"column":22}},"256":{"start":{"line":519,"column":6},"end":{"line":526,"column":7}},"257":{"start":{"line":520,"column":8},"end":{"line":525,"column":9}},"258":{"start":{"line":521,"column":10},"end":{"line":521,"column":35}},"259":{"start":{"line":522,"column":10},"end":{"line":522,"column":23}},"260":{"start":{"line":524,"column":10},"end":{"line":524,"column":27}},"261":{"start":{"line":527,"column":6},"end":{"line":527,"column":51}},"262":{"start":{"line":527,"column":26},"end":{"line":527,"column":51}},"263":{"start":{"line":528,"column":6},"end":{"line":528,"column":76}},"264":{"start":{"line":528,"column":46},"end":{"line":528,"column":68}},"265":{"start":{"line":532,"column":30},"end":{"line":532,"column":35}},"266":{"start":{"line":533,"column":18},"end":{"line":533,"column":32}},"267":{"start":{"line":534,"column":18},"end":{"line":534,"column":28}},"268":{"start":{"line":535,"column":4},"end":{"line":537,"column":5}},"269":{"start":{"line":536,"column":6},"end":{"line":536,"column":72}},"270":{"start":{"line":536,"column":30},"end":{"line":536,"column":70}},"271":{"start":{"line":541,"column":2},"end":{"line":541,"column":14}}},"fnMap":{"0":{"name":"loadThreshold","decl":{"start":{"line":15,"column":15},"end":{"line":15,"column":28}},"loc":{"start":{"line":15,"column":33},"end":{"line":27,"column":1}},"line":15},"1":{"name":"saveThreshold","decl":{"start":{"line":29,"column":15},"end":{"line":29,"column":28}},"loc":{"start":{"line":29,"column":38},"end":{"line":41,"column":1}},"line":29},"2":{"name":"(anonymous_2)","decl":{"start":{"line":45,"column":2},"end":{"line":45,"column":3}},"loc":{"start":{"line":45,"column":15},"end":{"line":162,"column":3}},"line":45},"3":{"name":"(anonymous_3)","decl":{"start":{"line":53,"column":39},"end":{"line":53,"column":40}},"loc":{"start":{"line":53,"column":54},"end":{"line":116,"column":5}},"line":53},"4":{"name":"(anonymous_4)","decl":{"start":{"line":70,"column":32},"end":{"line":70,"column":33}},"loc":{"start":{"line":70,"column":38},"end":{"line":80,"column":9}},"line":70},"5":{"name":"(anonymous_5)","decl":{"start":{"line":89,"column":37},"end":{"line":89,"column":38}},"loc":{"start":{"line":89,"column":43},"end":{"line":98,"column":9}},"line":89},"6":{"name":"(anonymous_6)","decl":{"start":{"line":102,"column":38},"end":{"line":102,"column":39}},"loc":{"start":{"line":102,"column":46},"end":{"line":102,"column":76}},"line":102},"7":{"name":"(anonymous_7)","decl":{"start":{"line":113,"column":80},"end":{"line":113,"column":81}},"loc":{"start":{"line":113,"column":85},"end":{"line":113,"column":115}},"line":113},"8":{"name":"(anonymous_8)","decl":{"start":{"line":113,"column":153},"end":{"line":113,"column":154}},"loc":{"start":{"line":113,"column":158},"end":{"line":113,"column":197}},"line":113},"9":{"name":"(anonymous_9)","decl":{"start":{"line":119,"column":31},"end":{"line":119,"column":32}},"loc":{"start":{"line":119,"column":46},"end":{"line":132,"column":5}},"line":119},"10":{"name":"(anonymous_10)","decl":{"start":{"line":129,"column":35},"end":{"line":129,"column":36}},"loc":{"start":{"line":129,"column":41},"end":{"line":129,"column":43}},"line":129},"11":{"name":"(anonymous_11)","decl":{"start":{"line":135,"column":20},"end":{"line":135,"column":21}},"loc":{"start":{"line":135,"column":35},"end":{"line":159,"column":5}},"line":135},"12":{"name":"(anonymous_12)","decl":{"start":{"line":165,"column":2},"end":{"line":165,"column":3}},"loc":{"start":{"line":165,"column":29},"end":{"line":168,"column":3}},"line":165},"13":{"name":"(anonymous_13)","decl":{"start":{"line":167,"column":29},"end":{"line":167,"column":30}},"loc":{"start":{"line":167,"column":37},"end":{"line":167,"column":67}},"line":167},"14":{"name":"formatRiskReason","decl":{"start":{"line":175,"column":9},"end":{"line":175,"column":25}},"loc":{"start":{"line":175,"column":93},"end":{"line":186,"column":1}},"line":175},"15":{"name":"classify","decl":{"start":{"line":193,"column":9},"end":{"line":193,"column":17}},"loc":{"start":{"line":193,"column":40},"end":{"line":221,"column":1}},"line":193},"16":{"name":"fetchXsuaaToken","decl":{"start":{"line":228,"column":15},"end":{"line":228,"column":30}},"loc":{"start":{"line":228,"column":33},"end":{"line":280,"column":1}},"line":228},"17":{"name":"(anonymous_17)","decl":{"start":{"line":241,"column":23},"end":{"line":241,"column":24}},"loc":{"start":{"line":241,"column":44},"end":{"line":275,"column":5}},"line":241},"18":{"name":"(anonymous_18)","decl":{"start":{"line":254,"column":42},"end":{"line":254,"column":43}},"loc":{"start":{"line":254,"column":51},"end":{"line":270,"column":7}},"line":254},"19":{"name":"(anonymous_19)","decl":{"start":{"line":256,"column":23},"end":{"line":256,"column":24}},"loc":{"start":{"line":256,"column":32},"end":{"line":256,"column":49}},"line":256},"20":{"name":"(anonymous_20)","decl":{"start":{"line":257,"column":22},"end":{"line":257,"column":23}},"loc":{"start":{"line":257,"column":28},"end":{"line":269,"column":9}},"line":257},"21":{"name":"(anonymous_21)","decl":{"start":{"line":272,"column":24},"end":{"line":272,"column":25}},"loc":{"start":{"line":272,"column":30},"end":{"line":272,"column":100}},"line":272},"22":{"name":"callAgent","decl":{"start":{"line":288,"column":15},"end":{"line":288,"column":24}},"loc":{"start":{"line":288,"column":45},"end":{"line":362,"column":1}},"line":288},"23":{"name":"(anonymous_23)","decl":{"start":{"line":307,"column":21},"end":{"line":307,"column":22}},"loc":{"start":{"line":307,"column":42},"end":{"line":361,"column":3}},"line":307},"24":{"name":"(anonymous_24)","decl":{"start":{"line":328,"column":40},"end":{"line":328,"column":41}},"loc":{"start":{"line":328,"column":49},"end":{"line":356,"column":5}},"line":328},"25":{"name":"(anonymous_25)","decl":{"start":{"line":330,"column":21},"end":{"line":330,"column":22}},"loc":{"start":{"line":330,"column":30},"end":{"line":330,"column":47}},"line":330},"26":{"name":"(anonymous_26)","decl":{"start":{"line":331,"column":20},"end":{"line":331,"column":21}},"loc":{"start":{"line":331,"column":26},"end":{"line":355,"column":7}},"line":331},"27":{"name":"(anonymous_27)","decl":{"start":{"line":344,"column":39},"end":{"line":344,"column":40}},"loc":{"start":{"line":344,"column":44},"end":{"line":344,"column":57}},"line":344},"28":{"name":"(anonymous_28)","decl":{"start":{"line":347,"column":20},"end":{"line":347,"column":21}},"loc":{"start":{"line":347,"column":25},"end":{"line":347,"column":63}},"line":347},"29":{"name":"(anonymous_29)","decl":{"start":{"line":348,"column":17},"end":{"line":348,"column":18}},"loc":{"start":{"line":348,"column":22},"end":{"line":348,"column":28}},"line":348},"30":{"name":"(anonymous_30)","decl":{"start":{"line":358,"column":22},"end":{"line":358,"column":23}},"loc":{"start":{"line":358,"column":28},"end":{"line":358,"column":92}},"line":358},"31":{"name":"ruleBasedRecommendation","decl":{"start":{"line":368,"column":9},"end":{"line":368,"column":32}},"loc":{"start":{"line":368,"column":53},"end":{"line":504,"column":1}},"line":368},"32":{"name":"(anonymous_32)","decl":{"start":{"line":370,"column":36},"end":{"line":370,"column":37}},"loc":{"start":{"line":370,"column":41},"end":{"line":370,"column":80}},"line":370},"33":{"name":"(anonymous_33)","decl":{"start":{"line":371,"column":33},"end":{"line":371,"column":34}},"loc":{"start":{"line":371,"column":38},"end":{"line":371,"column":61}},"line":371},"34":{"name":"(anonymous_34)","decl":{"start":{"line":372,"column":38},"end":{"line":372,"column":39}},"loc":{"start":{"line":372,"column":43},"end":{"line":372,"column":73}},"line":372},"35":{"name":"(anonymous_35)","decl":{"start":{"line":378,"column":61},"end":{"line":378,"column":62}},"loc":{"start":{"line":378,"column":67},"end":{"line":378,"column":83}},"line":378},"36":{"name":"(anonymous_36)","decl":{"start":{"line":386,"column":37},"end":{"line":386,"column":38}},"loc":{"start":{"line":386,"column":42},"end":{"line":386,"column":62}},"line":386},"37":{"name":"(anonymous_37)","decl":{"start":{"line":388,"column":35},"end":{"line":388,"column":36}},"loc":{"start":{"line":388,"column":40},"end":{"line":388,"column":68}},"line":388},"38":{"name":"(anonymous_38)","decl":{"start":{"line":406,"column":34},"end":{"line":406,"column":35}},"loc":{"start":{"line":407,"column":10},"end":{"line":408,"column":97}},"line":407},"39":{"name":"(anonymous_39)","decl":{"start":{"line":433,"column":51},"end":{"line":433,"column":52}},"loc":{"start":{"line":433,"column":56},"end":{"line":433,"column":95}},"line":433},"40":{"name":"(anonymous_40)","decl":{"start":{"line":434,"column":52},"end":{"line":434,"column":53}},"loc":{"start":{"line":434,"column":57},"end":{"line":434,"column":99}},"line":434},"41":{"name":"(anonymous_41)","decl":{"start":{"line":442,"column":26},"end":{"line":442,"column":27}},"loc":{"start":{"line":443,"column":6},"end":{"line":444,"column":82}},"line":443},"42":{"name":"(anonymous_42)","decl":{"start":{"line":452,"column":29},"end":{"line":452,"column":30}},"loc":{"start":{"line":453,"column":6},"end":{"line":454,"column":81}},"line":453},"43":{"name":"(anonymous_43)","decl":{"start":{"line":466,"column":40},"end":{"line":466,"column":41}},"loc":{"start":{"line":466,"column":45},"end":{"line":466,"column":62}},"line":466},"44":{"name":"(anonymous_44)","decl":{"start":{"line":468,"column":40},"end":{"line":468,"column":41}},"loc":{"start":{"line":468,"column":45},"end":{"line":468,"column":84}},"line":468},"45":{"name":"(anonymous_45)","decl":{"start":{"line":470,"column":32},"end":{"line":470,"column":33}},"loc":{"start":{"line":471,"column":6},"end":{"line":472,"column":93}},"line":471},"46":{"name":"(anonymous_46)","decl":{"start":{"line":481,"column":39},"end":{"line":481,"column":40}},"loc":{"start":{"line":481,"column":44},"end":{"line":481,"column":70}},"line":481},"47":{"name":"(anonymous_47)","decl":{"start":{"line":483,"column":32},"end":{"line":483,"column":33}},"loc":{"start":{"line":484,"column":6},"end":{"line":485,"column":93}},"line":484},"48":{"name":"(anonymous_48)","decl":{"start":{"line":494,"column":42},"end":{"line":494,"column":43}},"loc":{"start":{"line":495,"column":4},"end":{"line":495,"column":93}},"line":495},"49":{"name":"applyFilter","decl":{"start":{"line":511,"column":9},"end":{"line":511,"column":20}},"loc":{"start":{"line":511,"column":34},"end":{"line":542,"column":1}},"line":511},"50":{"name":"(anonymous_50)","decl":{"start":{"line":515,"column":19},"end":{"line":515,"column":20}},"loc":{"start":{"line":515,"column":25},"end":{"line":515,"column":37}},"line":515},"51":{"name":"(anonymous_51)","decl":{"start":{"line":528,"column":31},"end":{"line":528,"column":32}},"loc":{"start":{"line":528,"column":46},"end":{"line":528,"column":68}},"line":528},"52":{"name":"(anonymous_52)","decl":{"start":{"line":536,"column":25},"end":{"line":536,"column":26}},"loc":{"start":{"line":536,"column":30},"end":{"line":536,"column":70}},"line":536}},"branchMap":{"0":{"loc":{"start":{"line":7,"column":18},"end":{"line":7,"column":74}},"type":"binary-expr","locations":[{"start":{"line":7,"column":18},"end":{"line":7,"column":47}},{"start":{"line":7,"column":51},"end":{"line":7,"column":74}}],"line":7},"1":{"loc":{"start":{"line":18,"column":4},"end":{"line":21,"column":5}},"type":"if","locations":[{"start":{"line":18,"column":4},"end":{"line":21,"column":5}},{"start":{},"end":{}}],"line":18},"2":{"loc":{"start":{"line":18,"column":8},"end":{"line":18,"column":31}},"type":"binary-expr","locations":[{"start":{"line":18,"column":8},"end":{"line":18,"column":12}},{"start":{"line":18,"column":16},"end":{"line":18,"column":31}}],"line":18},"3":{"loc":{"start":{"line":25,"column":2},"end":{"line":25,"column":49}},"type":"if","locations":[{"start":{"line":25,"column":2},"end":{"line":25,"column":49}},{"start":{},"end":{}}],"line":25},"4":{"loc":{"start":{"line":32,"column":4},"end":{"line":36,"column":5}},"type":"if","locations":[{"start":{"line":32,"column":4},"end":{"line":36,"column":5}},{"start":{"line":34,"column":11},"end":{"line":36,"column":5}}],"line":32},"5":{"loc":{"start":{"line":32,"column":8},"end":{"line":32,"column":31}},"type":"binary-expr","locations":[{"start":{"line":32,"column":8},"end":{"line":32,"column":12}},{"start":{"line":32,"column":16},"end":{"line":32,"column":31}}],"line":32},"6":{"loc":{"start":{"line":55,"column":29},"end":{"line":55,"column":72}},"type":"cond-expr","locations":[{"start":{"line":55,"column":54},"end":{"line":55,"column":67}},{"start":{"line":55,"column":70},"end":{"line":55,"column":72}}],"line":55},"7":{"loc":{"start":{"line":75,"column":35},"end":{"line":75,"column":70}},"type":"binary-expr","locations":[{"start":{"line":75,"column":35},"end":{"line":75,"column":65}},{"start":{"line":75,"column":69},"end":{"line":75,"column":70}}],"line":75},"8":{"loc":{"start":{"line":107,"column":6},"end":{"line":109,"column":7}},"type":"if","locations":[{"start":{"line":107,"column":6},"end":{"line":109,"column":7}},{"start":{},"end":{}}],"line":107},"9":{"loc":{"start":{"line":122,"column":6},"end":{"line":125,"column":7}},"type":"if","locations":[{"start":{"line":122,"column":6},"end":{"line":125,"column":7}},{"start":{},"end":{}}],"line":122},"10":{"loc":{"start":{"line":122,"column":10},"end":{"line":122,"column":44}},"type":"binary-expr","locations":[{"start":{"line":122,"column":10},"end":{"line":122,"column":20}},{"start":{"line":122,"column":24},"end":{"line":122,"column":31}},{"start":{"line":122,"column":35},"end":{"line":122,"column":44}}],"line":122},"11":{"loc":{"start":{"line":139,"column":6},"end":{"line":142,"column":7}},"type":"if","locations":[{"start":{"line":139,"column":6},"end":{"line":142,"column":7}},{"start":{},"end":{}}],"line":139},"12":{"loc":{"start":{"line":139,"column":10},"end":{"line":139,"column":49}},"type":"binary-expr","locations":[{"start":{"line":139,"column":10},"end":{"line":139,"column":18}},{"start":{"line":139,"column":22},"end":{"line":139,"column":49}}],"line":139},"13":{"loc":{"start":{"line":143,"column":6},"end":{"line":146,"column":7}},"type":"if","locations":[{"start":{"line":143,"column":6},"end":{"line":146,"column":7}},{"start":{},"end":{}}],"line":143},"14":{"loc":{"start":{"line":148,"column":23},"end":{"line":148,"column":58}},"type":"binary-expr","locations":[{"start":{"line":148,"column":23},"end":{"line":148,"column":32}},{"start":{"line":148,"column":36},"end":{"line":148,"column":58}}],"line":148},"15":{"loc":{"start":{"line":166,"column":27},"end":{"line":166,"column":70}},"type":"cond-expr","locations":[{"start":{"line":166,"column":52},"end":{"line":166,"column":65}},{"start":{"line":166,"column":68},"end":{"line":166,"column":70}}],"line":166},"16":{"loc":{"start":{"line":175,"column":72},"end":{"line":175,"column":91}},"type":"default-arg","locations":[{"start":{"line":175,"column":89},"end":{"line":175,"column":91}}],"line":175},"17":{"loc":{"start":{"line":180,"column":2},"end":{"line":185,"column":3}},"type":"switch","locations":[{"start":{"line":181,"column":4},"end":{"line":181,"column":51}},{"start":{"line":182,"column":4},"end":{"line":182,"column":50}},{"start":{"line":183,"column":4},"end":{"line":183,"column":70}},{"start":{"line":184,"column":4},"end":{"line":184,"column":73}}],"line":180},"18":{"loc":{"start":{"line":194,"column":23},"end":{"line":194,"column":55}},"type":"binary-expr","locations":[{"start":{"line":194,"column":23},"end":{"line":194,"column":49}},{"start":{"line":194,"column":54},"end":{"line":194,"column":55}}],"line":194},"19":{"loc":{"start":{"line":195,"column":23},"end":{"line":195,"column":55}},"type":"binary-expr","locations":[{"start":{"line":195,"column":23},"end":{"line":195,"column":48}},{"start":{"line":195,"column":54},"end":{"line":195,"column":55}}],"line":195},"20":{"loc":{"start":{"line":196,"column":23},"end":{"line":196,"column":55}},"type":"binary-expr","locations":[{"start":{"line":196,"column":23},"end":{"line":196,"column":47}},{"start":{"line":196,"column":54},"end":{"line":196,"column":55}}],"line":196},"21":{"loc":{"start":{"line":200,"column":30},"end":{"line":200,"column":72}},"type":"binary-expr","locations":[{"start":{"line":200,"column":30},"end":{"line":200,"column":45}},{"start":{"line":200,"column":49},"end":{"line":200,"column":72}}],"line":200},"22":{"loc":{"start":{"line":205,"column":2},"end":{"line":214,"column":3}},"type":"if","locations":[{"start":{"line":205,"column":2},"end":{"line":214,"column":3}},{"start":{"line":208,"column":9},"end":{"line":214,"column":3}}],"line":205},"23":{"loc":{"start":{"line":205,"column":6},"end":{"line":205,"column":46}},"type":"binary-expr","locations":[{"start":{"line":205,"column":6},"end":{"line":205,"column":23}},{"start":{"line":205,"column":27},"end":{"line":205,"column":46}}],"line":205},"24":{"loc":{"start":{"line":208,"column":9},"end":{"line":214,"column":3}},"type":"if","locations":[{"start":{"line":208,"column":9},"end":{"line":214,"column":3}},{"start":{"line":211,"column":9},"end":{"line":214,"column":3}}],"line":208},"25":{"loc":{"start":{"line":211,"column":9},"end":{"line":214,"column":3}},"type":"if","locations":[{"start":{"line":211,"column":9},"end":{"line":214,"column":3}},{"start":{},"end":{}}],"line":211},"26":{"loc":{"start":{"line":216,"column":26},"end":{"line":218,"column":10}},"type":"cond-expr","locations":[{"start":{"line":217,"column":6},"end":{"line":217,"column":82}},{"start":{"line":218,"column":6},"end":{"line":218,"column":10}}],"line":216},"27":{"loc":{"start":{"line":230,"column":28},"end":{"line":230,"column":61}},"type":"binary-expr","locations":[{"start":{"line":230,"column":28},"end":{"line":230,"column":53}},{"start":{"line":230,"column":57},"end":{"line":230,"column":61}}],"line":230},"28":{"loc":{"start":{"line":231,"column":26},"end":{"line":231,"column":42}},"type":"binary-expr","locations":[{"start":{"line":231,"column":26},"end":{"line":231,"column":36}},{"start":{"line":231,"column":40},"end":{"line":231,"column":42}}],"line":231},"29":{"loc":{"start":{"line":232,"column":4},"end":{"line":235,"column":5}},"type":"if","locations":[{"start":{"line":232,"column":4},"end":{"line":235,"column":5}},{"start":{},"end":{}}],"line":232},"30":{"loc":{"start":{"line":260,"column":12},"end":{"line":265,"column":13}},"type":"if","locations":[{"start":{"line":260,"column":12},"end":{"line":265,"column":13}},{"start":{"line":262,"column":19},"end":{"line":265,"column":13}}],"line":260},"31":{"loc":{"start":{"line":310,"column":22},"end":{"line":310,"column":66}},"type":"cond-expr","locations":[{"start":{"line":310,"column":32},"end":{"line":310,"column":48}},{"start":{"line":310,"column":51},"end":{"line":310,"column":66}}],"line":310},"32":{"loc":{"start":{"line":311,"column":24},"end":{"line":311,"column":44}},"type":"cond-expr","locations":[{"start":{"line":311,"column":34},"end":{"line":311,"column":37}},{"start":{"line":311,"column":40},"end":{"line":311,"column":44}}],"line":311},"33":{"loc":{"start":{"line":317,"column":4},"end":{"line":319,"column":5}},"type":"if","locations":[{"start":{"line":317,"column":4},"end":{"line":319,"column":5}},{"start":{},"end":{}}],"line":317},"34":{"loc":{"start":{"line":322,"column":16},"end":{"line":322,"column":53}},"type":"binary-expr","locations":[{"start":{"line":322,"column":16},"end":{"line":322,"column":38}},{"start":{"line":322,"column":42},"end":{"line":322,"column":53}}],"line":322},"35":{"loc":{"start":{"line":332,"column":8},"end":{"line":335,"column":9}},"type":"if","locations":[{"start":{"line":332,"column":8},"end":{"line":335,"column":9}},{"start":{},"end":{}}],"line":332},"36":{"loc":{"start":{"line":342,"column":12},"end":{"line":345,"column":14}},"type":"binary-expr","locations":[{"start":{"line":342,"column":12},"end":{"line":342,"column":25}},{"start":{"line":343,"column":12},"end":{"line":343,"column":34}},{"start":{"line":344,"column":12},"end":{"line":344,"column":58}},{"start":{"line":345,"column":12},"end":{"line":345,"column":14}}],"line":342},"37":{"loc":{"start":{"line":344,"column":44},"end":{"line":344,"column":57}},"type":"binary-expr","locations":[{"start":{"line":344,"column":44},"end":{"line":344,"column":51}},{"start":{"line":344,"column":55},"end":{"line":344,"column":57}}],"line":344},"38":{"loc":{"start":{"line":346,"column":23},"end":{"line":349,"column":52}},"type":"binary-expr","locations":[{"start":{"line":346,"column":23},"end":{"line":349,"column":23}},{"start":{"line":349,"column":27},"end":{"line":349,"column":52}}],"line":346},"39":{"loc":{"start":{"line":347,"column":25},"end":{"line":347,"column":63}},"type":"binary-expr","locations":[{"start":{"line":347,"column":25},"end":{"line":347,"column":42}},{"start":{"line":347,"column":46},"end":{"line":347,"column":63}}],"line":347},"40":{"loc":{"start":{"line":369,"column":20},"end":{"line":369,"column":33}},"type":"binary-expr","locations":[{"start":{"line":369,"column":20},"end":{"line":369,"column":27}},{"start":{"line":369,"column":31},"end":{"line":369,"column":33}}],"line":369},"41":{"loc":{"start":{"line":378,"column":5},"end":{"line":378,"column":55}},"type":"binary-expr","locations":[{"start":{"line":378,"column":5},"end":{"line":378,"column":49}},{"start":{"line":378,"column":53},"end":{"line":378,"column":55}}],"line":378},"42":{"loc":{"start":{"line":381,"column":2},"end":{"line":423,"column":3}},"type":"if","locations":[{"start":{"line":381,"column":2},"end":{"line":423,"column":3}},{"start":{},"end":{}}],"line":381},"43":{"loc":{"start":{"line":387,"column":6},"end":{"line":389,"column":7}},"type":"if","locations":[{"start":{"line":387,"column":6},"end":{"line":389,"column":7}},{"start":{},"end":{}}],"line":387},"44":{"loc":{"start":{"line":390,"column":6},"end":{"line":411,"column":7}},"type":"if","locations":[{"start":{"line":390,"column":6},"end":{"line":411,"column":7}},{"start":{"line":392,"column":13},"end":{"line":411,"column":7}}],"line":390},"45":{"loc":{"start":{"line":392,"column":13},"end":{"line":411,"column":7}},"type":"if","locations":[{"start":{"line":392,"column":13},"end":{"line":411,"column":7}},{"start":{"line":405,"column":13},"end":{"line":411,"column":7}}],"line":392},"46":{"loc":{"start":{"line":394,"column":21},"end":{"line":394,"column":64}},"type":"cond-expr","locations":[{"start":{"line":394,"column":54},"end":{"line":394,"column":57}},{"start":{"line":394,"column":60},"end":{"line":394,"column":64}}],"line":394},"47":{"loc":{"start":{"line":395,"column":25},"end":{"line":397,"column":14}},"type":"cond-expr","locations":[{"start":{"line":396,"column":12},"end":{"line":396,"column":51}},{"start":{"line":397,"column":12},"end":{"line":397,"column":14}}],"line":395},"48":{"loc":{"start":{"line":399,"column":50},"end":{"line":399,"column":91}},"type":"binary-expr","locations":[{"start":{"line":399,"column":50},"end":{"line":399,"column":71}},{"start":{"line":399,"column":75},"end":{"line":399,"column":91}}],"line":399},"49":{"loc":{"start":{"line":414,"column":4},"end":{"line":416,"column":5}},"type":"if","locations":[{"start":{"line":414,"column":4},"end":{"line":416,"column":5}},{"start":{},"end":{}}],"line":414},"50":{"loc":{"start":{"line":419,"column":4},"end":{"line":421,"column":5}},"type":"if","locations":[{"start":{"line":419,"column":4},"end":{"line":421,"column":5}},{"start":{},"end":{}}],"line":419},"51":{"loc":{"start":{"line":426,"column":2},"end":{"line":436,"column":3}},"type":"if","locations":[{"start":{"line":426,"column":2},"end":{"line":436,"column":3}},{"start":{},"end":{}}],"line":426},"52":{"loc":{"start":{"line":439,"column":2},"end":{"line":447,"column":3}},"type":"if","locations":[{"start":{"line":439,"column":2},"end":{"line":447,"column":3}},{"start":{},"end":{}}],"line":439},"53":{"loc":{"start":{"line":440,"column":4},"end":{"line":440,"column":98}},"type":"if","locations":[{"start":{"line":440,"column":4},"end":{"line":440,"column":98}},{"start":{},"end":{}}],"line":440},"54":{"loc":{"start":{"line":440,"column":8},"end":{"line":440,"column":42}},"type":"binary-expr","locations":[{"start":{"line":440,"column":8},"end":{"line":440,"column":24}},{"start":{"line":440,"column":28},"end":{"line":440,"column":42}}],"line":440},"55":{"loc":{"start":{"line":441,"column":17},"end":{"line":441,"column":52}},"type":"cond-expr","locations":[{"start":{"line":441,"column":35},"end":{"line":441,"column":43}},{"start":{"line":441,"column":46},"end":{"line":441,"column":52}}],"line":441},"56":{"loc":{"start":{"line":450,"column":2},"end":{"line":460,"column":3}},"type":"if","locations":[{"start":{"line":450,"column":2},"end":{"line":460,"column":3}},{"start":{},"end":{}}],"line":450},"57":{"loc":{"start":{"line":451,"column":4},"end":{"line":451,"column":79}},"type":"if","locations":[{"start":{"line":451,"column":4},"end":{"line":451,"column":79}},{"start":{},"end":{}}],"line":451},"58":{"loc":{"start":{"line":464,"column":2},"end":{"line":475,"column":3}},"type":"if","locations":[{"start":{"line":464,"column":2},"end":{"line":475,"column":3}},{"start":{},"end":{}}],"line":464},"59":{"loc":{"start":{"line":467,"column":4},"end":{"line":467,"column":76}},"type":"if","locations":[{"start":{"line":467,"column":4},"end":{"line":467,"column":76}},{"start":{},"end":{}}],"line":467},"60":{"loc":{"start":{"line":469,"column":4},"end":{"line":469,"column":114}},"type":"if","locations":[{"start":{"line":469,"column":4},"end":{"line":469,"column":114}},{"start":{},"end":{}}],"line":469},"61":{"loc":{"start":{"line":479,"column":2},"end":{"line":488,"column":3}},"type":"if","locations":[{"start":{"line":479,"column":2},"end":{"line":488,"column":3}},{"start":{},"end":{}}],"line":479},"62":{"loc":{"start":{"line":482,"column":4},"end":{"line":482,"column":85}},"type":"if","locations":[{"start":{"line":482,"column":4},"end":{"line":482,"column":85}},{"start":{},"end":{}}],"line":482},"63":{"loc":{"start":{"line":491,"column":2},"end":{"line":493,"column":3}},"type":"if","locations":[{"start":{"line":491,"column":2},"end":{"line":493,"column":3}},{"start":{},"end":{}}],"line":491},"64":{"loc":{"start":{"line":501,"column":5},"end":{"line":501,"column":65}},"type":"cond-expr","locations":[{"start":{"line":501,"column":25},"end":{"line":501,"column":60}},{"start":{"line":501,"column":63},"end":{"line":501,"column":65}}],"line":501},"65":{"loc":{"start":{"line":512,"column":2},"end":{"line":512,"column":63}},"type":"if","locations":[{"start":{"line":512,"column":2},"end":{"line":512,"column":63}},{"start":{},"end":{}}],"line":512},"66":{"loc":{"start":{"line":512,"column":6},"end":{"line":512,"column":49}},"type":"binary-expr","locations":[{"start":{"line":512,"column":6},"end":{"line":512,"column":27}},{"start":{"line":512,"column":31},"end":{"line":512,"column":49}}],"line":512},"67":{"loc":{"start":{"line":515,"column":4},"end":{"line":529,"column":5}},"type":"if","locations":[{"start":{"line":515,"column":4},"end":{"line":529,"column":5}},{"start":{},"end":{}}],"line":515},"68":{"loc":{"start":{"line":520,"column":8},"end":{"line":525,"column":9}},"type":"if","locations":[{"start":{"line":520,"column":8},"end":{"line":525,"column":9}},{"start":{"line":523,"column":15},"end":{"line":525,"column":9}}],"line":520},"69":{"loc":{"start":{"line":527,"column":6},"end":{"line":527,"column":51}},"type":"if","locations":[{"start":{"line":527,"column":6},"end":{"line":527,"column":51}},{"start":{},"end":{}}],"line":527},"70":{"loc":{"start":{"line":535,"column":4},"end":{"line":537,"column":5}},"type":"if","locations":[{"start":{"line":535,"column":4},"end":{"line":537,"column":5}},{"start":{},"end":{}}],"line":535},"71":{"loc":{"start":{"line":535,"column":8},"end":{"line":535,"column":67}},"type":"binary-expr","locations":[{"start":{"line":535,"column":8},"end":{"line":535,"column":13}},{"start":{"line":535,"column":18},"end":{"line":535,"column":28}},{"start":{"line":535,"column":32},"end":{"line":535,"column":43}},{"start":{"line":535,"column":48},"end":{"line":535,"column":67}}],"line":535},"72":{"loc":{"start":{"line":536,"column":37},"end":{"line":536,"column":51}},"type":"binary-expr","locations":[{"start":{"line":536,"column":37},"end":{"line":536,"column":45}},{"start":{"line":536,"column":49},"end":{"line":536,"column":51}}],"line":536}},"s":{"0":1,"1":1,"2":1,"3":1,"4":1,"5":1,"6":1,"7":1,"8":1,"9":0,"10":1,"11":0,"12":1,"13":0,"14":0,"15":0,"16":0,"17":0,"18":0,"19":1,"20":1,"21":1,"22":1,"23":1,"24":5,"25":5,"26":5,"27":0,"28":0,"29":0,"30":0,"31":5,"32":5,"33":75,"34":5,"35":75,"36":5,"37":5,"38":5,"39":0,"40":5,"41":5,"42":75,"43":75,"44":5,"45":1,"46":0,"47":0,"48":0,"49":0,"50":0,"51":0,"52":0,"53":0,"54":0,"55":1,"56":0,"57":0,"58":0,"59":0,"60":0,"61":0,"62":0,"63":0,"64":0,"65":0,"66":0,"67":0,"68":0,"69":1,"70":0,"71":0,"72":0,"73":45,"74":45,"75":45,"76":45,"77":20,"78":10,"79":15,"80":0,"81":75,"82":75,"83":75,"84":75,"85":75,"86":75,"87":75,"88":75,"89":75,"90":15,"91":15,"92":60,"93":20,"94":20,"95":40,"96":10,"97":10,"98":75,"99":75,"100":0,"101":0,"102":0,"103":0,"104":0,"105":0,"106":0,"107":0,"108":0,"109":0,"110":0,"111":0,"112":0,"113":0,"114":0,"115":0,"116":0,"117":0,"118":0,"119":0,"120":0,"121":0,"122":0,"123":0,"124":0,"125":0,"126":0,"127":0,"128":0,"129":0,"130":0,"131":0,"132":0,"133":0,"134":0,"135":0,"136":0,"137":0,"138":0,"139":0,"140":0,"141":0,"142":0,"143":0,"144":0,"145":0,"146":0,"147":0,"148":0,"149":0,"150":0,"151":0,"152":0,"153":0,"154":0,"155":0,"156":0,"157":0,"158":0,"159":0,"160":0,"161":0,"162":0,"163":0,"164":0,"165":0,"166":0,"167":0,"168":0,"169":0,"170":0,"171":0,"172":0,"173":0,"174":0,"175":0,"176":0,"177":0,"178":0,"179":0,"180":0,"181":0,"182":0,"183":0,"184":0,"185":0,"186":0,"187":0,"188":0,"189":0,"190":0,"191":0,"192":0,"193":0,"194":0,"195":0,"196":0,"197":0,"198":0,"199":0,"200":0,"201":0,"202":0,"203":0,"204":0,"205":0,"206":0,"207":0,"208":0,"209":0,"210":0,"211":0,"212":0,"213":0,"214":0,"215":0,"216":0,"217":0,"218":0,"219":0,"220":0,"221":0,"222":0,"223":0,"224":0,"225":0,"226":0,"227":0,"228":0,"229":0,"230":0,"231":0,"232":0,"233":0,"234":0,"235":0,"236":0,"237":0,"238":0,"239":0,"240":0,"241":0,"242":0,"243":0,"244":0,"245":0,"246":0,"247":0,"248":0,"249":0,"250":0,"251":0,"252":0,"253":0,"254":0,"255":0,"256":0,"257":0,"258":0,"259":0,"260":0,"261":0,"262":0,"263":0,"264":0,"265":0,"266":0,"267":0,"268":0,"269":0,"270":0,"271":0},"f":{"0":1,"1":0,"2":1,"3":5,"4":0,"5":75,"6":75,"7":75,"8":75,"9":0,"10":0,"11":0,"12":0,"13":0,"14":45,"15":75,"16":0,"17":0,"18":0,"19":0,"20":0,"21":0,"22":0,"23":0,"24":0,"25":0,"26":0,"27":0,"28":0,"29":0,"30":0,"31":0,"32":0,"33":0,"34":0,"35":0,"36":0,"37":0,"38":0,"39":0,"40":0,"41":0,"42":0,"43":0,"44":0,"45":0,"46":0,"47":0,"48":0,"49":0,"50":0,"51":0,"52":0},"b":{"0":[1,1],"1":[1,0],"2":[1,1],"3":[0,1],"4":[0,0],"5":[0,0],"6":[5,0],"7":[0,0],"8":[0,5],"9":[0,0],"10":[0,0,0],"11":[0,0],"12":[0,0],"13":[0,0],"14":[0,0],"15":[0,0],"16":[0],"17":[20,10,15,0],"18":[75,0],"19":[75,0],"20":[75,0],"21":[75,75],"22":[15,60],"23":[75,35],"24":[20,40],"25":[10,30],"26":[45,30],"27":[0,0],"28":[0,0],"29":[0,0],"30":[0,0],"31":[0,0],"32":[0,0],"33":[0,0],"34":[0,0],"35":[0,0],"36":[0,0,0,0],"37":[0,0],"38":[0,0],"39":[0,0],"40":[0,0],"41":[0,0],"42":[0,0],"43":[0,0],"44":[0,0],"45":[0,0],"46":[0,0],"47":[0,0],"48":[0,0],"49":[0,0],"50":[0,0],"51":[0,0],"52":[0,0],"53":[0,0],"54":[0,0],"55":[0,0],"56":[0,0],"57":[0,0],"58":[0,0],"59":[0,0],"60":[0,0],"61":[0,0],"62":[0,0],"63":[0,0],"64":[0,0],"65":[0,0],"66":[0,0],"67":[0,0],"68":[0,0],"69":[0,0],"70":[0,0],"71":[0,0,0,0],"72":[0,0]},"_coverageSchema":"1a1c01bbd47fc00a2c39e90264f33305004495a9","hash":"6a31d19d11bb4e768a29a0ccfa9b19dad5d1b309"}
,"/home/user/project/assets/material-stock-dashboard-cap/test/data/material-stock-mock.js": {"path":"/home/user/project/assets/material-stock-dashboard-cap/test/data/material-stock-mock.js","statementMap":{"0":{"start":{"line":10,"column":22},"end":{"line":33,"column":1}},"1":{"start":{"line":35,"column":0},"end":{"line":35,"column":35}}},"fnMap":{},"branchMap":{},"s":{"0":1,"1":1},"f":{},"b":{},"_coverageSchema":"1a1c01bbd47fc00a2c39e90264f33305004495a9","hash":"9baa6c2adf6b8d6a99e1d5e7075eb792a656a7b5"}
}
