TN:
SF:server.js
FN:10,(anonymous_0)
FN:15,(anonymous_1)
FN:19,(anonymous_2)
FNF:3
FNH:1
FNDA:1,(anonymous_0)
FNDA:0,(anonymous_1)
FNDA:0,(anonymous_2)
DA:3,1
DA:4,1
DA:5,1
DA:10,1
DA:11,1
DA:13,1
DA:15,1
DA:16,0
DA:19,1
DA:20,0
DA:24,1
LF:11
LH:9
BRF:0
BRH:0
end_of_record
TN:
SF:srv/stock-service.js
FN:15,loadThreshold
FN:29,saveThreshold
FN:45,(anonymous_2)
FN:53,(anonymous_3)
FN:70,(anonymous_4)
FN:89,(anonymous_5)
FN:102,(anonymous_6)
FN:113,(anonymous_7)
FN:113,(anonymous_8)
FN:119,(anonymous_9)
FN:129,(anonymous_10)
FN:135,(anonymous_11)
FN:165,(anonymous_12)
FN:167,(anonymous_13)
FN:175,formatRiskReason
FN:193,classify
FN:228,fetchXsuaaToken
FN:241,(anonymous_17)
FN:254,(anonymous_18)
FN:256,(anonymous_19)
FN:257,(anonymous_20)
FN:272,(anonymous_21)
FN:288,callAgent
FN:307,(anonymous_23)
FN:328,(anonymous_24)
FN:330,(anonymous_25)
FN:331,(anonymous_26)
FN:344,(anonymous_27)
FN:347,(anonymous_28)
FN:348,(anonymous_29)
FN:358,(anonymous_30)
FN:368,ruleBasedRecommendation
FN:370,(anonymous_32)
FN:371,(anonymous_33)
FN:372,(anonymous_34)
FN:378,(anonymous_35)
FN:386,(anonymous_36)
FN:388,(anonymous_37)
FN:406,(anonymous_38)
FN:433,(anonymous_39)
FN:434,(anonymous_40)
FN:442,(anonymous_41)
FN:452,(anonymous_42)
FN:466,(anonymous_43)
FN:468,(anonymous_44)
FN:470,(anonymous_45)
FN:481,(anonymous_46)
FN:483,(anonymous_47)
FN:494,(anonymous_48)
FN:511,applyFilter
FN:515,(anonymous_50)
FN:528,(anonymous_51)
FN:536,(anonymous_52)
FNF:53
FNH:9
FNDA:1,loadThreshold
FNDA:0,saveThreshold
FNDA:1,(anonymous_2)
FNDA:5,(anonymous_3)
FNDA:0,(anonymous_4)
FNDA:75,(anonymous_5)
FNDA:75,(anonymous_6)
FNDA:75,(anonymous_7)
FNDA:75,(anonymous_8)
FNDA:0,(anonymous_9)
FNDA:0,(anonymous_10)
FNDA:0,(anonymous_11)
FNDA:0,(anonymous_12)
FNDA:0,(anonymous_13)
FNDA:45,formatRiskReason
FNDA:75,classify
FNDA:0,fetchXsuaaToken
FNDA:0,(anonymous_17)
FNDA:0,(anonymous_18)
FNDA:0,(anonymous_19)
FNDA:0,(anonymous_20)
FNDA:0,(anonymous_21)
FNDA:0,callAgent
FNDA:0,(anonymous_23)
FNDA:0,(anonymous_24)
FNDA:0,(anonymous_25)
FNDA:0,(anonymous_26)
FNDA:0,(anonymous_27)
FNDA:0,(anonymous_28)
FNDA:0,(anonymous_29)
FNDA:0,(anonymous_30)
FNDA:0,ruleBasedRecommendation
FNDA:0,(anonymous_32)
FNDA:0,(anonymous_33)
FNDA:0,(anonymous_34)
FNDA:0,(anonymous_35)
FNDA:0,(anonymous_36)
FNDA:0,(anonymous_37)
FNDA:0,(anonymous_38)
FNDA:0,(anonymous_39)
FNDA:0,(anonymous_40)
FNDA:0,(anonymous_41)
FNDA:0,(anonymous_42)
FNDA:0,(anonymous_43)
FNDA:0,(anonymous_44)
FNDA:0,(anonymous_45)
FNDA:0,(anonymous_46)
FNDA:0,(anonymous_47)
FNDA:0,(anonymous_48)
FNDA:0,applyFilter
FNDA:0,(anonymous_50)
FNDA:0,(anonymous_51)
FNDA:0,(anonymous_52)
DA:3,1
DA:4,1
DA:7,1
DA:13,1
DA:16,1
DA:17,1
DA:18,1
DA:19,1
DA:20,1
DA:23,0
DA:25,1
DA:26,1
DA:30,0
DA:31,0
DA:32,0
DA:33,0
DA:35,0
DA:39,0
DA:43,1
DA:46,1
DA:47,1
DA:50,1
DA:53,1
DA:55,5
DA:60,5
DA:61,5
DA:62,0
DA:63,0
DA:70,0
DA:85,5
DA:89,75
DA:102,75
DA:105,5
DA:106,5
DA:107,5
DA:108,0
DA:112,5
DA:113,75
DA:115,5
DA:119,1
DA:120,0
DA:121,0
DA:122,0
DA:123,0
DA:124,0
DA:127,0
DA:129,0
DA:130,0
DA:131,0
DA:135,1
DA:136,0
DA:139,0
DA:140,0
DA:141,0
DA:143,0
DA:144,0
DA:145,0
DA:148,0
DA:150,0
DA:152,0
DA:153,0
DA:156,0
DA:157,0
DA:161,1
DA:166,0
DA:167,0
DA:176,45
DA:177,45
DA:178,45
DA:180,45
DA:181,20
DA:182,10
DA:183,15
DA:184,0
DA:194,75
DA:195,75
DA:196,75
DA:198,75
DA:199,75
DA:200,75
DA:202,75
DA:203,75
DA:205,75
DA:206,15
DA:207,15
DA:208,60
DA:209,20
DA:210,20
DA:211,40
DA:212,10
DA:213,10
DA:216,75
DA:220,75
DA:229,0
DA:230,0
DA:231,0
DA:232,0
DA:233,0
DA:234,0
DA:236,0
DA:237,0
DA:238,0
DA:239,0
DA:241,0
DA:242,0
DA:243,0
DA:254,0
DA:255,0
DA:256,0
DA:257,0
DA:258,0
DA:259,0
DA:260,0
DA:261,0
DA:263,0
DA:264,0
DA:267,0
DA:271,0
DA:272,0
DA:273,0
DA:274,0
DA:277,0
DA:278,0
DA:289,0
DA:290,0
DA:305,0
DA:307,0
DA:308,0
DA:309,0
DA:310,0
DA:311,0
DA:312,0
DA:313,0
DA:317,0
DA:318,0
DA:320,0
DA:328,0
DA:329,0
DA:330,0
DA:331,0
DA:332,0
DA:333,0
DA:334,0
DA:336,0
DA:337,0
DA:340,0
DA:342,0
DA:344,0
DA:346,0
DA:347,0
DA:348,0
DA:350,0
DA:351,0
DA:353,0
DA:357,0
DA:358,0
DA:359,0
DA:360,0
DA:369,0
DA:370,0
DA:371,0
DA:372,0
DA:377,0
DA:378,0
DA:381,0
DA:382,0
DA:383,0
DA:385,0
DA:386,0
DA:387,0
DA:388,0
DA:390,0
DA:391,0
DA:392,0
DA:393,0
DA:394,0
DA:395,0
DA:398,0
DA:406,0
DA:407,0
DA:410,0
DA:414,0
DA:415,0
DA:419,0
DA:420,0
DA:426,0
DA:427,0
DA:433,0
DA:434,0
DA:439,0
DA:440,0
DA:441,0
DA:442,0
DA:443,0
DA:446,0
DA:450,0
DA:451,0
DA:452,0
DA:453,0
DA:456,0
DA:463,0
DA:464,0
DA:465,0
DA:466,0
DA:467,0
DA:468,0
DA:469,0
DA:470,0
DA:471,0
DA:474,0
DA:478,0
DA:479,0
DA:480,0
DA:481,0
DA:482,0
DA:483,0
DA:484,0
DA:487,0
DA:491,0
DA:492,0
DA:494,0
DA:495,0
DA:497,0
DA:512,0
DA:513,0
DA:515,0
DA:517,0
DA:518,0
DA:519,0
DA:520,0
DA:521,0
DA:522,0
DA:524,0
DA:527,0
DA:528,0
DA:532,0
DA:533,0
DA:534,0
DA:535,0
DA:536,0
DA:541,0
LF:241
LH:57
BRDA:7,0,0,1
BRDA:7,0,1,1
BRDA:18,1,0,1
BRDA:18,1,1,0
BRDA:18,2,0,1
BRDA:18,2,1,1
BRDA:25,3,0,0
BRDA:25,3,1,1
BRDA:32,4,0,0
BRDA:32,4,1,0
BRDA:32,5,0,0
BRDA:32,5,1,0
BRDA:55,6,0,5
BRDA:55,6,1,0
BRDA:75,7,0,0
BRDA:75,7,1,0
BRDA:107,8,0,0
BRDA:107,8,1,5
BRDA:122,9,0,0
BRDA:122,9,1,0
BRDA:122,10,0,0
BRDA:122,10,1,0
BRDA:122,10,2,0
BRDA:139,11,0,0
BRDA:139,11,1,0
BRDA:139,12,0,0
BRDA:139,12,1,0
BRDA:143,13,0,0
BRDA:143,13,1,0
BRDA:148,14,0,0
BRDA:148,14,1,0
BRDA:166,15,0,0
BRDA:166,15,1,0
BRDA:175,16,0,0
BRDA:180,17,0,20
BRDA:180,17,1,10
BRDA:180,17,2,15
BRDA:180,17,3,0
BRDA:194,18,0,75
BRDA:194,18,1,0
BRDA:195,19,0,75
BRDA:195,19,1,0
BRDA:196,20,0,75
BRDA:196,20,1,0
BRDA:200,21,0,75
BRDA:200,21,1,75
BRDA:205,22,0,15
BRDA:205,22,1,60
BRDA:205,23,0,75
BRDA:205,23,1,35
BRDA:208,24,0,20
BRDA:208,24,1,40
BRDA:211,25,0,10
BRDA:211,25,1,30
BRDA:216,26,0,45
BRDA:216,26,1,30
BRDA:230,27,0,0
BRDA:230,27,1,0
BRDA:231,28,0,0
BRDA:231,28,1,0
BRDA:232,29,0,0
BRDA:232,29,1,0
BRDA:260,30,0,0
BRDA:260,30,1,0
BRDA:310,31,0,0
BRDA:310,31,1,0
BRDA:311,32,0,0
BRDA:311,32,1,0
BRDA:317,33,0,0
BRDA:317,33,1,0
BRDA:322,34,0,0
BRDA:322,34,1,0
BRDA:332,35,0,0
BRDA:332,35,1,0
BRDA:342,36,0,0
BRDA:342,36,1,0
BRDA:342,36,2,0
BRDA:342,36,3,0
BRDA:344,37,0,0
BRDA:344,37,1,0
BRDA:346,38,0,0
BRDA:346,38,1,0
BRDA:347,39,0,0
BRDA:347,39,1,0
BRDA:369,40,0,0
BRDA:369,40,1,0
BRDA:378,41,0,0
BRDA:378,41,1,0
BRDA:381,42,0,0
BRDA:381,42,1,0
BRDA:387,43,0,0
BRDA:387,43,1,0
BRDA:390,44,0,0
BRDA:390,44,1,0
BRDA:392,45,0,0
BRDA:392,45,1,0
BRDA:394,46,0,0
BRDA:394,46,1,0
BRDA:395,47,0,0
BRDA:395,47,1,0
BRDA:399,48,0,0
BRDA:399,48,1,0
BRDA:414,49,0,0
BRDA:414,49,1,0
BRDA:419,50,0,0
BRDA:419,50,1,0
BRDA:426,51,0,0
BRDA:426,51,1,0
BRDA:439,52,0,0
BRDA:439,52,1,0
BRDA:440,53,0,0
BRDA:440,53,1,0
BRDA:440,54,0,0
BRDA:440,54,1,0
BRDA:441,55,0,0
BRDA:441,55,1,0
BRDA:450,56,0,0
BRDA:450,56,1,0
BRDA:451,57,0,0
BRDA:451,57,1,0
BRDA:464,58,0,0
BRDA:464,58,1,0
BRDA:467,59,0,0
BRDA:467,59,1,0
BRDA:469,60,0,0
BRDA:469,60,1,0
BRDA:479,61,0,0
BRDA:479,61,1,0
BRDA:482,62,0,0
BRDA:482,62,1,0
BRDA:491,63,0,0
BRDA:491,63,1,0
BRDA:501,64,0,0
BRDA:501,64,1,0
BRDA:512,65,0,0
BRDA:512,65,1,0
BRDA:512,66,0,0
BRDA:512,66,1,0
BRDA:515,67,0,0
BRDA:515,67,1,0
BRDA:520,68,0,0
BRDA:520,68,1,0
BRDA:527,69,0,0
BRDA:527,69,1,0
BRDA:535,70,0,0
BRDA:535,70,1,0
BRDA:535,71,0,0
BRDA:535,71,1,0
BRDA:535,71,2,0
BRDA:535,71,3,0
BRDA:536,72,0,0
BRDA:536,72,1,0
BRF:152
BRH:26
end_of_record
TN:
SF:test/data/material-stock-mock.js
FNF:0
FNH:0
DA:10,1
DA:35,1
LF:2
LH:2
BRF:0
BRH:0
end_of_record
